2017-09-11 14:44:38,775 handle repo NanoXML
2017-09-11 14:44:39,084 TOTAL: 19
2017-09-11 14:44:39,084 START INDEX:0
2017-09-11 14:44:39,085 END INDEX:19
2017-09-11 14:44:39,085 classFileMap SIZE: 19 callGraphMap SIZE: 19
2017-09-11 14:44:39,093 DEPENDENCY COUNT:1 net.n3.nanoxml.IXMLEntityResolver
2017-09-11 14:44:39,097 DEPENDENCY COUNT:2 net.n3.nanoxml.IXMLValidator
2017-09-11 14:44:39,099 NO DEPENDENCY: net.n3.nanoxml.IXMLReader
2017-09-11 14:44:39,106 DEPENDENCY COUNT:3 net.n3.nanoxml.ValidatorPlugin
2017-09-11 14:44:39,108 DEPENDENCY COUNT:1 net.n3.nanoxml.XMLParseException
2017-09-11 14:44:39,110 DEPENDENCY COUNT:4 net.n3.nanoxml.IXMLParser
2017-09-11 14:44:39,123 DEPENDENCY COUNT:4 net.n3.nanoxml.XMLUtil
2017-09-11 14:44:39,130 DEPENDENCY COUNT:3 net.n3.nanoxml.StdXMLBuilder
2017-09-11 14:44:39,133 DEPENDENCY COUNT:1 net.n3.nanoxml.CDATAReader
2017-09-11 14:44:39,136 DEPENDENCY COUNT:1 net.n3.nanoxml.XMLValidationException
2017-09-11 14:44:39,140 DEPENDENCY COUNT:3 net.n3.nanoxml.XMLEntityResolver
2017-09-11 14:44:39,145 SELF REFERENCE
2017-09-11 14:44:39,145 DEPENDENCY COUNT:0 net.n3.nanoxml.IXMLElement
2017-09-11 14:44:39,148 NO DEPENDENCY: net.n3.nanoxml.IXMLBuilder
2017-09-11 14:44:39,158 SELF REFERENCE
2017-09-11 14:44:39,158 DEPENDENCY COUNT:1 net.n3.nanoxml.StdXMLReader
2017-09-11 14:44:39,161 NO DEPENDENCY: net.n3.nanoxml.XMLAttribute
2017-09-11 14:44:39,165 NO DEPENDENCY: net.n3.nanoxml.XMLException
2017-09-11 14:44:39,169 DEPENDENCY COUNT:3 net.n3.nanoxml.ContentReader
2017-09-11 14:44:39,171 DEPENDENCY COUNT:1 net.n3.nanoxml.PIReader
2017-09-11 14:44:39,173 DEPENDENCY COUNT:3 net.n3.nanoxml.XMLParserFactory
2017-09-11 14:44:39,175 UNIQUE FILE COUNT:19 NO DEPENDENCY COUNT:4
2017-09-11 14:44:39,175 finish handle repo NanoXML
